0 info it worked if it ends with ok
1 verbose cli [ '/Users/marajade/.nvm/versions/node/v0.12.13/bin/node',
1 verbose cli   '/Users/marajade/.nvm/versions/node/v0.12.13/bin/npm',
1 verbose cli   'run',
1 verbose cli   'build' ]
2 info using npm@2.15.0
3 info using node@v0.12.13
4 verbose config Skipping project config: /Users/marajade/.npmrc. (matches userconfig)
5 verbose stack Error: ENOENT, open '/Users/marajade/package.json'
5 verbose stack     at Error (native)
6 verbose cwd /Users/marajade/Documents/Pride/Aly/aly-bright/_src
7 error Darwin 13.4.0
8 error argv "/Users/marajade/.nvm/versions/node/v0.12.13/bin/node" "/Users/marajade/.nvm/versions/node/v0.12.13/bin/npm" "run" "build"
9 error node v0.12.13
10 error npm  v2.15.0
11 error path /Users/marajade/package.json
12 error code ENOENT
13 error errno -2
14 error enoent ENOENT, open '/Users/marajade/package.json'
14 error enoent This is most likely not a problem with npm itself
14 error enoent and is related to npm not being able to find a file.
15 verbose exit [ -2, true ]
